<?xml version="1.0" encoding="UTF-8"?>
<!-- Generated by org.testng.reporters.JUnitReportReporter -->
<testsuite skipped="0" hostname="AParna-LT" name="TrackDfect_Assignment.Amazon.Productsearch" tests="2" failures="0" timestamp="2020-10-27T19:19:35 IST" time="46.009" errors="0">
  <testcase name="addItem" time="28.458" classname="TrackDfect_Assignment.Amazon.Productsearch"/>
  <system-out/>
  <testcase name="selectItem" time="17.551" classname="TrackDfect_Assignment.Amazon.Productsearch"/>
  <system-out/>
</testsuite> <!-- TrackDfect_Assignment.Amazon.Productsearch -->
